{"level":"error","message":"Can not connect to Redis! ❌ ReferenceError: wLogger is not defined"}
{"level":"error","message":"Can not connect to Redis! ❌ ReferenceError: Logger is not defined"}
{"level":"error","message":" ❌ DB OFF MongooseError: The `uri` parameter to `openUri()` must be a string, got \"undefined\". Make sure the first parameter to `mongoose.connect()` or `mongoose.createConnection()` is a string."}
{"level":"error","message":" ❌ DB OFF MongooseError: The `uri` parameter to `openUri()` must be a string, got \"undefined\". Make sure the first parameter to `mongoose.connect()` or `mongoose.createConnection()` is a string."}
{"level":"error","message":" ❌ DB OFF MongooseError: The `uri` parameter to `openUri()` must be a string, got \"undefined\". Make sure the first parameter to `mongoose.connect()` or `mongoose.createConnection()` is a string."}
{"level":"error","message":" ❌ DB OFF MongooseError: The `uri` parameter to `openUri()` must be a string, got \"undefined\". Make sure the first parameter to `mongoose.connect()` or `mongoose.createConnection()` is a string."}
{"level":"error","message":" ❌ DB OFF MongoParseError: Invalid scheme, expected connection string to start with \"mongodb://\" or \"mongodb+srv://\""}
{"level":"error","message":" ❌ DB OFF MongoParseError: Invalid scheme, expected connection string to start with \"mongodb://\" or \"mongodb+srv://\""}
{"level":"error","message":" ❌ DB OFF MongooseError: The `uri` parameter to `openUri()` must be a string, got \"undefined\". Make sure the first parameter to `mongoose.connect()` or `mongoose.createConnection()` is a string."}
{"level":"error","message":"Error adding product: ReferenceError: postProductService is not defined"}
{"level":"error","message":"Error adding product: TypeError: Cannot read properties of undefined (reading 'body')"}
{"level":"error","message":"Error adding product: TypeError: Cannot read properties of undefined (reading 'render')"}
{"level":"error","message":" ❌ DB OFF MongoParseError: Invalid scheme, expected connection string to start with \"mongodb://\" or \"mongodb+srv://\""}
{"level":"error","message":"❌ Error cant get stock controller ReferenceError: logger is not defined"}
{"level":"error","message":"❌ Error cant get stock controller ReferenceError: logger is not defined"}
{"level":"error","message":"❌ Error cant get stock controller ReferenceError: logger is not defined"}
{"level":"error","message":"❌ Error cant get stock controller ReferenceError: logger is not defined"}
{"level":"error","message":"❌ Error cant get product controller ReferenceError: logger is not defined"}
{"level":"error","message":"❌ Error cant post message controller: ReferenceError: logger is not defined"}
{"level":"error","message":"❌ Error cant post message controller: ReferenceError: logger is not defined"}
{"level":"error","message":"❌ Error cant post message controller: ReferenceError: logger is not defined"}
{"level":"error","message":"❌ Error cant post message data : TypeError: DAO.postMessageData is not a function"}
{"level":"error","message":"❌ Error cant post message data : TypeError: DAO.postMessageData is not a function"}
{"level":"error","message":"❌ Error cant post message data : TypeError: DAO.postMessageData is not a function"}
{"level":"error","message":"❌ Error cant post message data : TypeError: DAO.postMessageData is not a function"}
{"level":"error","message":"❌ Error cant post message data : TypeError: DAO.postMessageData is not a function"}
{"level":"error","message":"❌ Error cant post message data : TypeError: DAO.postMessageData is not a function"}
{"level":"error","message":"❌ Error cant post message data : TypeError: DAO.postMessageData is not a function"}
{"level":"error","message":"❌ Error cant get product controller ReferenceError: logger is not defined"}
{"level":"error","message":"❌ Error cant get product controller ReferenceError: logger is not defined"}
{"level":"error","message":"❌ Error cant get product controller ReferenceError: logger is not defined"}
{"level":"error","message":"❌ Error cant post message data : TypeError: DAO.postMessageData is not a function"}
{"level":"error","message":"❌ Error cant post product data: ValidationError: description: Path `description` is required., price: Path `price` is required., name: Path `name` is required."}
{"level":"error","message":"❌ Error cant post message data : TypeError: DAO.postMessageData is not a function"}
{"level":"error","message":"❌ Error cant get product data: Error: ENOENT: no such file or directory, open 'C:\\Users\\santi\\OneDrive\\Escritorio\\Backend\\data\\productStock.json'"}
{"level":"error","message":"❌ Error cant get product data: Error: ENOENT: no such file or directory, open 'C:\\Users\\santi\\OneDrive\\Escritorio\\Backend\\data\\productStock.json'"}
{"level":"error","message":"❌ Error cant get product data: Error: ENOENT: no such file or directory, open 'C:\\Users\\santi\\OneDrive\\Escritorio\\Backend\\data\\productStock.json'"}
{"level":"error","message":"❌ Error cant get product data: Error: ENOENT: no such file or directory, open 'C:\\Users\\santi\\OneDrive\\Escritorio\\Backend\\data\\productStock.json'"}
{"level":"error","message":"❌ Error cant get product data: Error: ENOENT: no such file or directory, open 'C:\\Users\\santi\\OneDrive\\Escritorio\\Backend\\data\\productStock.json'"}
{"level":"error","message":"❌ Error cant get product data: Error: ENOENT: no such file or directory, open 'C:\\Users\\santi\\OneDrive\\Escritorio\\Backend\\data\\productStock.json'"}
{"level":"error","message":"❌ Error cant get product data: Error: ENOENT: no such file or directory, open 'C:\\data\\productStock.json'"}
{"level":"error","message":"❌ Error cant get product data: Error: ENOENT: no such file or directory, open 'C:\\data\\productStock.json'"}
{"level":"error","message":"❌ Error cant get product data: Error: ENOENT: no such file or directory, open 'C:\\data\\productStock.json'"}
{"level":"error","message":"❌ Error cant get product data: Error: ENOENT: no such file or directory, open 'C:\\data\\productStock.json'"}
{"level":"error","message":"❌ Error cant get product data: Error: ENOENT: no such file or directory, open 'C:\\data\\productStock.json'"}
{"level":"error","message":"❌ Error cant get product data: Error: ENOENT: no such file or directory, open 'C:\\data\\productStock.json'"}
{"level":"error","message":"❌ Error cant get product data: Error: ENOENT: no such file or directory, open 'C:\\data\\productStock.json'"}
{"level":"error","message":"❌ Error cant get product data: Error: ENOENT: no such file or directory, open 'C:\\Users\\santi\\OneDrive\\Escritorio\\Backend\\data\\productStock.json'"}
{"level":"error","message":"❌ Error cant get product data: Error: ENOENT: no such file or directory, open 'C:\\Users\\santi\\OneDrive\\Escritorio\\Backend\\data\\productStock.json'"}
{"level":"error","message":"❌ Error cant get product data: Error: ENOENT: no such file or directory, open 'C:\\Users\\santi\\OneDrive\\Escritorio\\Backend\\data\\productStock.json'"}
{"level":"error","message":"❌ Error cant get product data: Error: ENOENT: no such file or directory, open 'C:\\Users\\santi\\OneDrive\\Escritorio\\Backend\\data\\productStock.json'"}
{"level":"error","message":"❌ Error cant get product data: ReferenceError: productos is not defined"}
{"level":"error","message":"❌ Error cant get product data: ReferenceError: productos is not defined"}
{"level":"error","message":"❌ Error cant get product data: ReferenceError: productos is not defined"}
{"level":"error","message":"❌ Error cant get product data: ReferenceError: productos is not defined"}
{"level":"error","message":"❌ Error cant get product data: Error: ENOENT: no such file or directory, open 'C:\\Users\\santi\\OneDrive\\Escritorio\\Backend\\Desafios\\data\\productStock.json'"}
{"level":"error","message":"❌ Error cant get product data: Error: ENOENT: no such file or directory, open 'C:\\Users\\santi\\OneDrive\\Escritorio\\Backend\\data\\productStock.json'"}
{"level":"error","message":"❌ Error cant get product data: Error: ENOENT: no such file or directory, open 'C:\\data\\productStock.json'"}
{"level":"error","message":"❌ Error cant get product data: Error: ENOENT: no such file or directory, open 'C:\\Users\\santi\\OneDrive\\Escritorio\\Backend\\Desafios\\Desafio 20DAOsFactory\\DAOs\\DAOproducts\\data\\productStock.json'"}
{"level":"error","message":"❌ Error cant get product data: Error: ENOENT: no such file or directory, open 'C:\\Users\\santi\\OneDrive\\Escritorio\\Backend\\Desafios\\Desafio 20DAOsFactory\\DAOs\\data\\productStock.json'"}
{"level":"error","message":"❌ Error cant get product data: Error: ENOENT: no such file or directory, open 'C:\\Users\\santi\\OneDrive\\Escritorio\\Backend\\Desafios\\Desafio 20DAOsFactory\\DAOs\\data\\productStock.json'"}
{"level":"error","message":"❌ Error cant get product data: Error: ENOENT: no such file or directory, open 'C:\\Users\\santi\\OneDrive\\Escritorio\\Backend\\Desafios\\Desafio 20DAOsFactory\\DAOs\\DAOproducts..\\data\\productStock.json'"}
{"level":"error","message":"❌ Error cant get product data: Error: ENOENT: no such file or directory, open 'C:\\Users\\santi\\OneDrive\\Escritorio\\Backend\\Desafios\\Desafio 20DAOsFactory\\DAOs\\DAOproducts..\\data\\productStock.json'"}
{"level":"error","message":"❌ Error cant get product data: Error: ENOENT: no such file or directory, open 'C:\\Users\\santi\\OneDrive\\Escritorio\\Backend\\Desafios\\Desafio 20DAOsFactory\\DAOs\\DAOproducts\\data\\productStock.json'"}
{"level":"error","message":"❌ Error cant get product data: Error: ENOENT: no such file or directory, open 'C:\\Users\\santi\\OneDrive\\Escritorio\\Backend\\Desafios\\Desafio 20DAOsFactory\\DAOs\\DAOproducts\\FILENAME'"}
{"level":"error","message":"❌ Error cant get product data: Error: ENOENT: no such file or directory, open 'C:\\Users\\santi\\OneDrive\\Escritorio\\Backend\\Desafios\\Desafio 20DAOsFactory\\DAOs\\DAOproducts\\FILENAME'"}
{"level":"error","message":"❌ Error cant get product data: Error: ENOENT: no such file or directory, open 'C:\\Users\\santi\\OneDrive\\Escritorio\\Backend\\Desafios\\Desafio 20DAOsFactory\\DAOs\\DAOproducts\\FILENAME'"}
{"level":"error","message":"❌ Error cant get product data: Error: ENOENT: no such file or directory, open 'C:\\Users\\santi\\OneDrive\\Escritorio\\Backend\\Desafios\\Desafio 20DAOsFactory\\DAOs\\DAOproducts..\\FILENAME'"}
{"level":"error","message":"❌ Error cant get product data: Error: ENOENT: no such file or directory, open 'C:\\Users\\santi\\OneDrive\\Escritorio\\Backend\\Desafios\\Desafio 20DAOsFactory\\DAOs\\DAOproducts\\FILENAME'"}
{"level":"error","message":"❌ Error cant post product data: ValidationError: description: Path `description` is required., price: Path `price` is required., name: Path `name` is required."}
{"level":"error","message":"❌ Error cant delete product data: TypeError: Product.deleteById is not a function"}
{"level":"error","message":"❌ Error cant delete product data: TypeError: Product.deleteById is not a function"}
{"level":"error","message":"❌ Error cant delete product data: TypeError: Product.deleteById is not a function"}
{"level":"error","message":"❌ Error cant delete product data: ReferenceError: AxiosProduct is not defined"}
{"level":"error","message":"❌ Error cant post product data: ValidationError: descripcion: Path `descripcion` is required., nombre: Path `nombre` is required."}
{"level":"error","message":"❌ Error cant post product data: ValidationError: descripcion: Path `descripcion` is required., nombre: Path `nombre` is required."}
{"level":"error","message":"❌ Error cant post product data: ValidationError: descripcion: Path `descripcion` is required., nombre: Path `nombre` is required."}
{"level":"error","message":"❌ Error cant post product data: ValidationError: descripcion: Path `descripcion` is required., nombre: Path `nombre` is required."}
{"level":"error","message":"❌ Error cant post message data : TypeError: DAO.postMessageData is not a function"}
{"level":"error","message":"❌ Error cant post message data : TypeError: DAO.postMessageData is not a function"}
{"level":"error","message":"❌ Error cant post message data : TypeError: DAO.postMessageData is not a function"}
{"level":"error","message":"❌ Error cant post message data : TypeError: DAO.postMessageData is not a function"}
{"level":"error","message":"❌ Error cant get product controller ReferenceError: logger is not defined"}
{"level":"error","message":"❌ Error cant get product controller ReferenceError: logger is not defined"}
{"level":"error","message":"❌ Error cant get product controller ReferenceError: logger is not defined"}
{"level":"error","message":"❌ Error cant get product controller ReferenceError: logger is not defined"}
{"level":"error","message":"❌ Error cant get product controller ReferenceError: logger is not defined"}
{"level":"error","message":"❌ cant send SMS to 5512308811"}
{"level":"error","message":"❌ cant send SMS to 5512308811"}
{"level":"error","message":"❌ Error cant get product controller ReferenceError: logger is not defined"}
{"level":"error","message":"❌ Error cant get product controller ReferenceError: logger is not defined"}
{"level":"error","message":"❌ Error cant get product controller ReferenceError: logger is not defined"}
{"level":"error","message":"❌ Error cant get product controller ReferenceError: logger is not defined"}
{"level":"error","message":"❌ Error cant get product service: TypeError: DAO.getProductData is not a function"}
{"level":"error","message":"❌ Error cant get product service: TypeError: DAO.getProductData is not a function"}
{"level":"error","message":"❌ Error cant get product service: TypeError: DAO.getProductData is not a function"}
{"level":"error","message":"❌ Error cant get product service: TypeError: DAO.getProductData is not a function"}
{"level":"error","message":"❌ Error cant get product service: TypeError: DAO.getProductData is not a function"}
{"level":"error","message":"❌ Error cant post order data: ValidationError: cart: Path `cart` is required."}
{"level":"error","message":"❌ Error cant post order data: ValidationError: cart: Cast to string failed for value \"[\n  {\n    id: '643032c5b66032c9fe8eaac4',\n    nombre: 'Harina',\n    precio: 15,\n    descripcion: 'Harina integral',\n    thumbnail: 'https://cdn-icons-png.flaticon.com/512/527/527709.png',\n    stock: 10,\n    cantidad: 1,\n    totalPrecio: 15\n  },\n  {\n    id: '643032c5b66032c9fe8eaace',\n    nombre: 'Mouse',\n    precio: 600,\n    descripcion: 'Mouse bluetooth',\n    thumbnail: 'https://cdn-icons-png.flaticon.com/512/8033/8033957.png',\n    stock: 10,\n    cantidad: 1,\n    totalPrecio: 600\n  },\n  {\n    id: '643032c5b66032c9fe8eaacf',\n    nombre: 'Manzana',\n    precio: 55,\n    descripcion: 'Manzana verde',\n    thumbnail: 'https://cdn-icons-png.flaticon.com/512/1791/1791336.png',\n    stock: 10,\n    cantidad: 1,\n    totalPrecio: 55\n  }\n]\" (type Array) at path \"cart\""}
{"level":"error","message":"❌ Error cant post order data: ValidationError: cart: Cast to string failed for value \"[\n  {\n    id: '643032c5b66032c9fe8eaac8',\n    nombre: 'Cafe',\n    precio: 150,\n    descripcion: 'Cafe tostado medio',\n    thumbnail: 'https://cdn-icons-png.flaticon.com/512/5847/5847393.png',\n    stock: 10,\n    cantidad: 1,\n    totalPrecio: 150\n  }\n]\" (type Array) at path \"cart\""}
{"level":"error","message":"❌ Error cant post order data: ValidationError: cart: Cast to string failed for value \"[\n  {\n    id: '643032c5b66032c9fe8eaace',\n    nombre: 'Mouse',\n    precio: 600,\n    descripcion: 'Mouse bluetooth',\n    thumbnail: 'https://cdn-icons-png.flaticon.com/512/8033/8033957.png',\n    stock: 10,\n    cantidad: 1,\n    totalPrecio: 600\n  }\n]\" (type Array) at path \"cart\""}
{"level":"error","message":"❌ Error cant post order data: ValidationError: cart: Cast to string failed for value \"{\n  cart: [\n    {\n      id: '643032c5b66032c9fe8eaac3',\n      nombre: 'Leche',\n      precio: 20,\n      descripcion: 'Leche fria como hielo',\n      thumbnail: 'https://cdn-icons-png.flaticon.com/512/372/372973.png',\n      stock: 10,\n      cantidad: 1,\n      totalPrecio: 20\n    }\n  ]\n}\" (type Object) at path \"cart\""}
{"level":"error","message":"❌ Error cant post Message data: ObjectParameterError: Parameter \"obj\" to Document() must be an object, got Hola Mensaje de prueba"}
{"level":"error","message":"❌ Error cant post Message data: ObjectParameterError: Parameter \"obj\" to Document() must be an object, got Prueba"}
{"level":"error","message":"❌ Error cant get product service: TypeError: DAO.getProductData is not a function"}
{"level":"error","message":"❌ Error cant get product service: TypeError: DAO.getProductData is not a function"}
{"level":"error","message":"❌ Error cant get product service: TypeError: DAO.getProductData is not a function"}
{"level":"error","message":"❌ Error cant post Message data: ObjectParameterError: Parameter \"obj\" to Document() must be an object, got Prueba"}
{"level":"error","message":"❌ Error cant post Message data: ObjectParameterError: Parameter \"obj\" to Document() must be an object, got Hola"}
{"level":"error","message":"❌ Error cant get product service: TypeError: DAO.getProductData is not a function"}
{"level":"error","message":"❌ Error cant post messages data: ReferenceError: e is not defined"}
{"level":"error","message":"❌ Error cant get product service: TypeError: DAO.getProductData is not a function"}
{"level":"error","message":"❌ Error cant get product service: TypeError: DAO.getProductData is not a function"}
{"level":"error","message":"❌ Error cant get product service: TypeError: DAO.getProductData is not a function"}
{"level":"error","message":"❌ Error cant get product service: TypeError: DAO.getProductData is not a function"}
{"level":"error","message":"❌ Error cant post message controller: TypeError: Date.now is not a constructor"}
{"level":"error","message":"❌ Error cant post message controller: TypeError: Date.now is not a constructor"}
{"level":"error","message":"❌ Error cant post message controller: TypeError: Date.now is not a constructor"}
{"level":"error","message":"❌ Error cant get product service: TypeError: DAO.getProductData is not a function"}
{"level":"error","message":"❌ Error cant get product service: TypeError: DAO.getProductData is not a function"}
{"level":"error","message":"❌ Error cant get product service: TypeError: DAO.getProductData is not a function"}
{"level":"error","message":"❌ Error cant post message controller: ReferenceError: moment is not defined"}
{"level":"error","message":"❌ Error cant get product service: TypeError: DAO.getProductData is not a function"}
{"level":"error","message":"❌ Error cant get product service: TypeError: DAO.getProductData is not a function"}
{"level":"error","message":"❌ Error cant get product service: TypeError: DAO.getProductData is not a function"}
{"level":"error","message":"❌ Error cant get product service: TypeError: DAO.getProductData is not a function"}
{"level":"error","message":"❌ Error cant get product service: TypeError: DAO.getProductData is not a function"}
{"level":"error","message":"❌ Error cant get product service: TypeError: DAO.getProductData is not a function"}
{"level":"error","message":"❌ Error cant get product service: TypeError: DAO.getProductData is not a function"}
{"level":"error","message":"❌ Error cant get product service: TypeError: DAO.getProductData is not a function"}
{"level":"error","message":"❌ Error cant get product service: TypeError: DAO.getProductData is not a function"}
{"level":"error","message":"❌ Error cant get product service: TypeError: DAO.getProductData is not a function"}
{"level":"error","message":"❌ Error cant get product service: TypeError: DAO.getProductData is not a function"}
{"level":"error","message":"❌ Error cant get product service: TypeError: DAO.getProductData is not a function"}
{"level":"error","message":"❌ Error cant get product service: TypeError: DAO.getProductData is not a function"}
{"level":"error","message":"❌ Error cant get product service: TypeError: DAO.getProductData is not a function"}
{"level":"error","message":"❌ Error cant get product service: TypeError: DAO.getProductData is not a function"}
{"level":"error","message":"❌ Error cant get product service: TypeError: DAO.getProductData is not a function"}
{"level":"error","message":"❌ Error cant get product service: TypeError: DAO.getProductData is not a function"}
{"level":"error","message":"❌ Error cant get product service: TypeError: DAO.getProductData is not a function"}
{"level":"error","message":"❌ Error cant get product service: TypeError: DAO.getProductData is not a function"}
{"level":"error","message":"❌ Error cant get product service: TypeError: DAO.getProductData is not a function"}
{"level":"error","message":"❌ Error cant get product service: TypeError: DAO.getProductData is not a function"}
{"level":"error","message":"❌ Error cant get product service: TypeError: DAO.getProductData is not a function"}
{"level":"error","message":"❌ Error cant get product service: TypeError: DAO.getProductData is not a function"}
{"level":"error","message":"❌ Error cant get product service: TypeError: DAO.getProductData is not a function"}
{"level":"error","message":"❌ Error cant get product service: TypeError: DAO.getProductData is not a function"}
{"level":"error","message":"❌ Error cant get product service: TypeError: DAO.getProductData is not a function"}
{"level":"error","message":"❌ Error cant get product service: TypeError: DAO.getProductData is not a function"}
{"level":"error","message":"❌ Error cant get product service: TypeError: DAO.getProductData is not a function"}
{"level":"error","message":"❌ Error cant get product service: TypeError: DAO.getProductData is not a function"}
{"level":"error","message":"❌ Error cant get product service: TypeError: DAO.getProductData is not a function"}
{"level":"error","message":"❌ Error cant post message controller: TypeError: Cannot read properties of undefined (reading 'status')"}
{"level":"error","message":"❌ Error cant post message controller: TypeError: Cannot read properties of undefined (reading 'status')"}
{"level":"error","message":"❌ Error cant post message controller: TypeError: Cannot read properties of undefined (reading 'nombre')"}
{"level":"error","message":"❌ Error cant get product service: TypeError: DAO.getProductData is not a function"}
{"level":"error","message":"❌ Error cant get product service: TypeError: DAO.getProductData is not a function"}
{"level":"error","message":"❌ Error cant get product service: TypeError: DAO.getProductData is not a function"}
{"level":"error","message":"❌ Error cant get product service: TypeError: DAO.getProductData is not a function"}
{"level":"error","message":"❌ Error cant get product service: TypeError: DAO.getProductData is not a function"}
{"level":"error","message":"❌ Error cant get product service: TypeError: DAO.getProductData is not a function"}
{"level":"error","message":"❌ Error cant get product service: TypeError: DAO.getProductData is not a function"}
{"level":"error","message":"❌ Error cant get product service: TypeError: DAO.getProductData is not a function"}
{"level":"error","message":"❌ Error cant get product service: TypeError: DAO.getProductData is not a function"}
{"level":"error","message":"❌ Error cant get product service: TypeError: DAO.getProductData is not a function"}
{"level":"error","message":"❌ Error cant get product service: TypeError: DAO.getProductData is not a function"}
{"level":"error","message":"❌ Error cant get product service: TypeError: DAO.getProductData is not a function"}
{"level":"error","message":"❌ Error cant post message controller: TypeError: Cannot read properties of undefined (reading 'nombre')"}
